C51 COMPILER V9.60.7.0   INSTRUCTION                                                       12/05/2025 17:29:00 PAGE 1   


C51 COMPILER V9.60.7.0, COMPILATION OF MODULE INSTRUCTION
OBJECT MODULE PLACED IN .\Release\Objects\instruction.obj
COMPILER INVOKED BY: C:\Keil_v5\C51\BIN\C51.EXE ..\..\User\instruction.c LARGE OPTIMIZE(9,SIZE) BROWSE ORDER INTVECTOR(0
                    -X000C) INCDIR(..\..\Libraries\Include;..\..\User;..\..\User\lib;..\..\Hardware) INTERVAL(3) DEBUG OBJECTEXTEND PRINT(.\R
                    -elease\Listings\instruction.lst) OBJECT(.\Release\Objects\instruction.obj)

line level    source

   1          #include "instruction.h"
   2          
   3          #include <string.h> // memset()
   4          
   5          // ç”¨bitå®šä¹‰ï¼Œæ¥èŠ‚çœç©ºé—´
   6          // ä¸‹é¢çš„æ ‡å¿—ä½ï¼Œæœ‰å¯èƒ½æ˜¯ä»ä¸²å£æ¥æ”¶åˆ°äº†æŒ‡ä»¤æ¥ç½®ä½ï¼Œä¹Ÿæœ‰å¯èƒ½æ˜¯å…¶ä»–çš„æ‰«æå
             -‡½æ•°æ›´æ–°äº†çŠ¶æ€æ¥ç½®ä½
   7          volatile bit flag_get_all_status; // è·å–æ‰€æœ‰åŠŸèƒ½çš„çŠ¶æ€
   8          volatile bit flag_get_gear;       // è·å–æŒ¡ä½çŠ¶æ€ / å¾—åˆ°äº†æŒ¡ä½çš„çŠ¶æ€
   9          volatile bit flag_get_battery;    // è·å–ç”µæ± çŠ¶æ€ / å¾—åˆ°äº†ç”µæ± çš„çŠ¶æ€ï¼ˆç”µæ± ç”µé‡ï¼Œå•ä½
             -ï¼šç™¾åˆ†æ¯”ï¼‰
  10          // volatile bit flag_get_brake;        // è·å–åˆ¹è½¦çŠ¶æ€ / å¾—åˆ°äº†åˆ¹è½¦çš„çŠ¶æ€
  11          // volatile bit flag_get_left_turn;    // è·å–å·¦è½¬å‘ç¯çš„çŠ¶æ€ / å¾—åˆ°äº†å·¦è½¬å‘ç¯çš„çŠ¶æ€
  12          // volatile bit flag_get_right_turn;   // è·å–å³è½¬å‘ç¯çš„çŠ¶æ€ / å¾—åˆ°äº†å³è½¬å‘ç¯çš„çŠ¶æ€
  13          // volatile bit flag_get_high_beam;    // è·å–è¿œå…‰ç¯çš„çŠ¶æ€ / å¾—åˆ°äº†è¿œå…‰ç¯çš„çŠ¶æ€
  14          volatile bit flag_get_engine_speed; // è·å–å‘åŠ¨æœºçš„è½¬é€Ÿ / å¾—åˆ°äº†å‘åŠ¨æœºçš„è½¬é€Ÿ
  15          volatile bit flag_get_speed;        // è·å–æ—¶é€Ÿ / å¾—åˆ°äº†æ—¶é€Ÿ
  16          volatile bit flag_get_fuel;         // è·å–æ²¹é‡ / å¾—åˆ°äº†æ²¹é‡ï¼ˆå•ä½ï¼šç™¾åˆ†æ¯”ï¼‰
  17          #if TEMP_OF_WATER_SCAN_ENABLE
              // volatile bit flag_get_temp_of_water = 0; // è·å–æ°´æ¸© / å¾—åˆ°äº†æ°´æ¸©
              #endif
  20          volatile bit flag_update_malfunction_status; // æ ‡å¿—ä½ï¼Œæ›´æ–°æ•…éšœçŠ¶æ€
  21          volatile bit flag_update_abs_status;         // æ ‡å¿—ä½ï¼Œæ›´æ–°absçš„çŠ¶æ€
  22          
  23          volatile bit flag_get_total_mileage;       // è·å–å¤§è®¡é‡Œç¨‹ / å¾—åˆ°äº†å¤§è®¡é‡Œç¨‹(æ•°æ®éœ€è¦æ›´æ–
             -°)
  24          volatile bit flag_get_sub_total_mileage;   // è·å–å°è®¡é‡Œç¨‹ / å¾—åˆ°äº†å°è®¡é‡Œç¨‹(æ•°æ®éœ€è¦æ›´æ–
             -°)
  25          volatile bit flag_get_sub_total_mileage_2; // è·å–å°è®¡é‡Œç¨‹2 / å¾—åˆ°äº†å°è®¡é‡Œç¨‹2(æ•°æ®éœ€è¦æ›´
             -æ–°)
  26          
  27          // volatile bit flag_get_touch_key_status = 0; // è·å–è§¦æ‘¸æŒ‰é”®çš„çŠ¶æ€
  28          // volatile bit flag_alter_date = 0; // ä¿®æ”¹æ—¥æœŸ
  29          volatile bit flag_alter_time; // ä¿®æ”¹æ—¶é—´
  30          
  31          volatile bit flag_get_voltage_of_battery; // è·å–ç”µæ± ç”µå‹
  32          
  33          #if TEMP_OF_WATER_SCAN_ENABLE
              volatile bit flag_set_temp_of_water_warning = 0; // è®¾ç½®æ°´æ¸©æŠ¥è­¦
              #endif
  36          
  37          volatile bit flag_clear_total_mileage;       // æ¸…é™¤å¤§è®¡é‡Œç¨‹
  38          volatile bit flag_clear_sub_total_mileage;   // æ¸…é™¤å°è®¡é‡Œç¨‹
  39          volatile bit flag_clear_sub_total_mileage_2; // æ¸…é™¤å°è®¡é‡Œç¨‹2
  40          
  41          volatile u8 synchronous_request_status;    // åŒæ­¥è¯·æ±‚çŠ¶æ€æœº
  42          volatile u16 synchronous_request_time_cnt; // åŒæ­¥è¯·æ±‚æ—¶é—´è®¡æ—¶
  43          
  44          volatile u8 update_time_status; // æ›´æ–°æ—¶é—´çš„çŠ¶æ€æœº
  45          // volatile u8 update_date_status = 0; // æ›´æ–°æ—¥æœŸçš„çŠ¶æ€æœº
  46          
  47          volatile u16 update_time_cooling_cnt; // æ›´æ–°æ—¶é—´çš„å†·å´è®¡æ•°
  48          // volatile u16 update_date_cooling_cnt = 0; // æ›´æ–°æ—¥æœŸçš„å†·å´è®¡æ•°
C51 COMPILER V9.60.7.0   INSTRUCTION                                                       12/05/2025 17:29:00 PAGE 2   

  49          
  50          // // å­˜æ”¾æ¥æ”¶åˆ°çš„è®¾ç½®æ°´æ¸©æŠ¥è­¦çš„æŒ‡ä»¤ä¸­ï¼Œå¯¹åº”çš„æ“ä½œï¼Œé»˜è®¤ä¸ºæ— æ“ä½œ
  51          // volatile u8 operation_set_temp_of_water_warning = OPERATION_SET_TEMP_OF_WATER_WARNING_NONE;
  52          
  53          // æ£€æŸ¥æ¥æ”¶æ˜¯å¦æ­£ç¡®çš„å‡½æ•°ï¼Œå¦‚æœæ¥æ”¶æ­£ç¡®ï¼Œ
  54          // æ ¹æ®æ¥æ”¶åˆ°çš„æ•°æ®ä¸­çš„æŒ‡ä»¤ï¼Œç»™å¯¹åº”çš„æŒ‡ä»¤çš„æ ‡å¿—ä½ç½®ä¸€
  55          void instruction_scan(void)
  56          {
  57   1          u8 i = 0; // æ³¨æ„è¦å¤§äºç­‰äºç¼“å†²åŒºèƒ½å­˜æ”¾çš„æŒ‡ä»¤æ•°ç›®
  58   1          for (i = 0; i < (UART0_RXBUF_LEN) / (FRAME_MAX_LEN); i++)
  59   1          {
  60   2              if (flagbuf_valid_instruction[i]) // å¦‚æœå¯¹åº”çš„ä½ç½®æœ‰åˆæ³•çš„æ•°æ®å¸§
  61   2              {
  62   3                  // æ ¹æ®æ¥æ”¶åˆ°æ•°æ®ä¸­çš„æŒ‡ä»¤ï¼Œç»™å¯¹åº”çš„æŒ‡ä»¤çš„æ ‡å¿—ä½ç½®ä¸€
  63   3                  // if (4 == uart0_recv_buf[i][1]) // å¦‚æœæ˜¯å››ä½é•¿åº¦çš„æŒ‡ä»¤
  64   3                  {
  65   4                      switch (uart0_recv_buf[i][2]) // æ ¹æ®ä¸åŒçš„æŒ‡ä»¤æ¥ç»™å¯¹åº”çš„æ ‡å¿—ä½ç½®ä¸€
  66   4                      {
  67   5                      case INSTRUCTION_GET_ALL_STATUS: // è·å–æ‰€æœ‰åŠŸèƒ½çš„çŠ¶æ€
  68   5                          flag_get_all_status = 1;
  69   5                          break;
  70   5      
  71   5                      case INSTRUCTION_GET_TOTAL_MILEAGE: // è·å–å¤§è®¡é‡Œç¨‹
  72   5                          flag_get_total_mileage = 1;
  73   5                          break;
  74   5      
  75   5                      case INSTRUCTION_GET_SUBTOTAL_MILEAGE: // è·å–å°è®¡é‡Œç¨‹
  76   5                          flag_get_sub_total_mileage = 1;
  77   5                          break;
  78   5      
  79   5                      case INSTRUCTION_GET_SUBTOTAL_MILEAGE_2: // è·å–å°è®¡é‡Œç¨‹2
  80   5                          flag_get_sub_total_mileage_2 = 1;
  81   5                          break;
  82   5      
  83   5                      case INSTRUCTION_ALTER_TIME: // ä¿®æ”¹æ—¶é—´
  84   5                          flag_alter_time = 1;
  85   5      
  86   5                          fun_info.aip1302_saveinfo.year = (u16)((u32)uart0_recv_buf[i][3] << 8) +
  87   5                                                           (u16)uart0_recv_buf[i][4];
  88   5                          fun_info.aip1302_saveinfo.month = uart0_recv_buf[i][5];
  89   5                          fun_info.aip1302_saveinfo.day = uart0_recv_buf[i][6];
  90   5      
  91   5                          fun_info.aip1302_saveinfo.time_hour = uart0_recv_buf[i][7];
  92   5                          fun_info.aip1302_saveinfo.time_min = uart0_recv_buf[i][8];
  93   5                          fun_info.aip1302_saveinfo.time_sec = uart0_recv_buf[i][9];
  94   5      
  95   5      #if USE_MY_DEBUG
              #if 0 // æ‰“å°ä¸²å£ç¼“å†²åŒºçš„æ•°æ®
              
                                  {
                                      u8 i = 0;
                                      u8 j = 0;
                                      for (i = 0; i < (UART0_RXBUF_LEN) / (FRAME_MAX_LEN); i++)
                                      {
                                          printf("buff_index %bu ", i);
                                          for (j = 0; j < FRAME_MAX_LEN; j++)
                                          {
                                              printf("%bx ", uart0_recv_buf[i][j]);
                                          }
                                          printf("\n");
                                      }
                                  }
C51 COMPILER V9.60.7.0   INSTRUCTION                                                       12/05/2025 17:29:00 PAGE 3   

              
              #endif // æ‰“å°ä¸²å£ç¼“å†²åŒºçš„æ•°æ®
              #endif
 114   5      
 115   5                          break;
 116   5      
 117   5                      case INSTRUCTION_CLEAR_TOTAL_MILEAGE: // æ¸…é™¤å¤§è®¡é‡Œç¨‹
 118   5                          flag_clear_total_mileage = 1;
 119   5                          break;
 120   5      
 121   5                      case INSTRUCTION_CLEAR_SUBTOTAL_MILEAGE: // æ¸…é™¤å°è®¡é‡Œç¨‹
 122   5                          flag_clear_sub_total_mileage = 1;
 123   5                          // printf("clear\n");
 124   5                          break;
 125   5      
 126   5                      case INSTRUCTION_CLEAR_SUBTOTAL_MILEAGE_2: // æ¸…é™¤å°è®¡é‡Œç¨‹2
 127   5                          flag_clear_sub_total_mileage_2 = 1;
 128   5                          break;
 129   5                      }
 130   4      
 131   4                      if (recv_frame_cnt > 0) //
 132   4                      {
 133   5                          recv_frame_cnt--; // ä»ä¸²å£æ¥æ”¶çš„æ•°æ®å¸§æ•°ç›®å‡ä¸€ï¼Œè¡¨ç¤ºæŒ‡ä»¤å·²ç»ä»ç¼
             -“å†²åŒºå–å‡º
 134   5                      }
 135   4      
 136   4                      flagbuf_valid_instruction[i] = 0; // æ¸…ç©ºç¼“å†²åŒºå¯¹åº”çš„å…ƒç´ ï¼Œè¡¨ç¤ºè¯¥ä¸‹æ ‡çš„æŒ
             -‡ä»¤å·²ç»å¤„ç†
 137   4                      uart0_recv_len[i] = 0;
 138   4                      recved_flagbuf[i] = 0;
 139   4                      memset(uart0_recv_buf[i], 0, FRAME_MAX_LEN); // æ¸…ç©ºç¼“å†²åŒºå¯¹åº”çš„å…ƒç´ 
 140   4                  } // if (4 == uart0_recv_buf[i][1])
 141   3              }
 142   2          }
 143   1      }
 144          
 145          void instruction_handle(void)
 146          {
 147   1      #if 0
                  if (flag_get_all_status)
                  {
                      // å¦‚æœè¦è·å–æ‰€æœ‰åŠŸèƒ½çš„çŠ¶æ€
                      // u32 temp_val = 0;        // ä¸´æ—¶å˜é‡(åœ¨å‘é€æ—¥æœŸå’Œæ—¶é—´ä½¿ç”¨åˆ°)
                      flag_get_all_status = 0; // æ¸…é™¤æ ‡å¿—ä½
              
              #if USE_MY_DEBUG
                      // printf(" flag_get_all_status\n");
              #endif
              
                      if (synchronous_request_status == SYN_REQUEST_STATUS_NONE)
                      {
                          // printf("handle get_all_status\n");// æµ‹è¯•é€šè¿‡ï¼Œæ¯æ¬¡æ”¶åˆ°åŒæ­¥è¯·æ±‚ï¼Œéƒ½ä¼šç­‰å¾…
             -å†·å´åï¼Œæ‰å¤„ç†ä¸‹ä¸€æ¬¡åŒæ­¥è¯·æ±‚
                          synchronous_request_status = SYN_REQUEST_STATUS_HANDLING;
                          // è·å–æ‰€æœ‰åŠŸèƒ½çš„çŠ¶æ€ï¼Œéœ€è¦æŠŠè¿™äº›åŠŸèƒ½å¯¹åº”çš„çŠ¶æ€éƒ½å‘é€å‡ºå»
                          send_data(SEND_GEAR, fun_info.gear);       // å‘é€å½“å‰æŒ¡ä½çš„çŠ¶æ€
                          send_data(SEND_BATTERY, fun_info.battery); // å‘é€ç”µæ± ç”µé‡ 
                          send_data(SEND_ENGINE_SPEED, fun_info.engine_speeed);              // å‘é€å‘åŠ¨æœºè½¬é€Ÿ
                          send_data(SEND_SPEED, fun_info.speed);                             // å‘é€å½“å‰é‡‡é›†åˆ°çš„
             -è½¦é€Ÿï¼ˆæ—¶é€Ÿï¼‰
                          send_data(SEND_SPEED_WITH_MILE, (u32)fun_info.speed * 621 / 1000); // å‘é€æ—¶é€Ÿï¼ˆå•ä½ï¼š
             -è‹±é‡Œæ¯å°æ—¶ mile/hï¼‰ 1km/h == 0.621427mile/h
C51 COMPILER V9.60.7.0   INSTRUCTION                                                       12/05/2025 17:29:00 PAGE 4   

                          send_data(SEND_FUEL, fun_info.fuel);                               // 9. å‘é€å½“å‰æ²¹é‡(å
             -•ä½ï¼šç™¾åˆ†æ¯”)
               
                          send_data(SEND_TOTAL_MILEAGE_TENTH_OF_KM, (u32)fun_info.save_info.total_mileage / 100);      /
             -/ å‘é€å¤§è®¡é‡Œç¨‹ï¼Œ æ•°æ® 3 byte ï¼Œ å•ä½ï¼š 0.1 km
                          send_data(SEND_SUBTOTAL_MILEAGE_TENTH_OF_MILE, (u32)fun_info.save_info.total_mileage / 161); /
             -/ å‘é€å¤§è®¡é‡Œç¨‹ï¼Œ æ•°æ® 3 byte ï¼Œ å•ä½ï¼š 0.1 mile 
              
                          send_data(SEND_TOTAL_MILEAGE_WITH_MILE, fun_info.save_info.total_mileage / 1610);             
             -  // å‘é€å¤§è®¡é‡Œç¨‹ï¼ˆæ€»é‡Œç¨‹ï¼Œå•ä½ï¼šè‹±é‡Œ mileï¼‰ï¼Œåªå‘é€1è‹±é‡Œä»¥ä¸Šçš„æ•°æ®
                          send_data(SEND_SUBTOTAL_MILEAGE_WITH_TENTH_OF_MILE, fun_info.save_info.subtotal_mileage / 161)
             -; // å‘é€å°è®¡é‡Œç¨‹ï¼ˆæ€»é‡Œç¨‹ï¼Œå•ä½ï¼š0.1 è‹±é‡Œ 0.1 mileï¼‰ï¼Œåªå‘é€0.1è‹±é‡Œä»¥ä¸Šçš„æ•°æ®
              
                          // 13. å‘é€è§¦æ‘¸æŒ‰é”®çš„çŠ¶æ€
                          // send_data(SEND_TOUCH_KEY_STATUS, fun_info.touch_key_val);
              
              #if IC_1302_ENABLE
                          aip1302_read_all(); // å…ˆä»aip1302æ—¶é’Ÿicè·å–æ‰€æœ‰å…³äºæ—¶é—´çš„ä¿¡æ¯ï¼Œå†å‘é€
                          // 14. å‘é€å½“å‰æ—¥æœŸ
                          //     temp_val = ((u32)fun_info.aip1302_saveinfo.year << 16) |
                          //                ((u32)fun_info.aip1302_saveinfo.month << 8) |
                          //                fun_info.aip1302_saveinfo.day;
                          //     send_data(SEND_DATE, temp_val);
                          // 15. å‘é€å½“å‰æ—¶é—´
                          //     temp_val = ((u32)fun_info.aip1302_saveinfo.time_hour << 16) |
                          //                ((u32)fun_info.aip1302_saveinfo.time_min << 8) |
                          //                fun_info.aip1302_saveinfo.time_sec;
                          //     send_data(SEND_TIME, temp_val);
                          send_data(SEND_TIME, 0); // ç¬¬äºŒä¸ªå‚æ•°æ— æ•ˆ
                                                   // printf("time send\n");
              #endif // #if IC_1302_ENABLE
              
                          // 16. å‘é€å½“å‰çš„ç”µæ± ç”µå‹
                          send_data(SEND_VOLTAGE_OF_BATTERY, fun_info.voltage_of_battery);
              
              #if TEMP_OF_WATER_SCAN_ENABLE
                          // 17. å‘é€å½“å‰çš„æ°´æ¸©æŠ¥è­¦çŠ¶æ€
                          send_data(SEND_TEMP_OF_WATER_ALERT, fun_info.flag_is_in_water_temp_warning);
              #endif
              
                          send_data(SEND_SUBTOTAL_MILEAGE_2, fun_info.save_info.subtotal_mileage_2 / 100);              
             -      // å‘é€å°è®¡é‡Œç¨‹2(åªå‘é€ç™¾ç±³åŠä»¥ä¸Šçš„æ•°æ®)
                          send_data(SEND_SUBTOTAL_MILEAGE_2_WITH_TENTH_OF_MILE, fun_info.save_info.subtotal_mileage_2 / 
             -161); // å‘é€å°è®¡é‡Œç¨‹2(åªå‘é€0.1è‹±é‡ŒåŠä»¥ä¸Šçš„æ•°æ®)
                      }
                  }
              
                  if (flag_get_gear) // å¦‚æœè¦è·å–æŒ¡ä½çš„çŠ¶æ€
                  {
                      flag_get_gear = 0; //
              
              #if USE_MY_DEBUG
                      // printf(" flag_get_gear\n");
              #endif
              
                      send_data(SEND_GEAR, fun_info.gear); // å‘é€å½“å‰æŒ¡ä½çš„çŠ¶æ€
                                                           // printf("cur gear %u\n", fun_info.gear);
                  } //  if (flag_get_gear) // å¦‚æœè¦è·å–æŒ¡ä½çš„çŠ¶æ€
              
                  if (flag_get_battery)
                  {
                      // å¦‚æœè¦è·å–ç”µæ± ç”µé‡çš„çŠ¶æ€
C51 COMPILER V9.60.7.0   INSTRUCTION                                                       12/05/2025 17:29:00 PAGE 5   

                      flag_get_battery = 0;
              #if USE_MY_DEBUG
                      // printf(" flag_get_battery\n");
              #endif
              
                      send_data(SEND_BATTERY, fun_info.battery); // å‘é€ç”µæ± ç”µé‡
                  }
              
              #if 0 // å‘é€åˆ¹è½¦çš„çŠ¶æ€
                  if (flag_get_brake)
                  {
                      // å¦‚æœè¦è·å–è·å–åˆ¹è½¦çš„çŠ¶æ€
                      flag_get_brake = 0;
              
              #if USE_MY_DEBUG
                      // printf(" flag_get_brake\n");
              #endif
              
                      send_data(SEND_BARKE, fun_info.brake); // å‘é€å½“å‰åˆ¹è½¦çš„çŠ¶æ€
                  }
              #endif // å‘é€åˆ¹è½¦çš„çŠ¶æ€
              
                  //     if (flag_get_left_turn) // å¦‚æœè¦è·å–å·¦è½¬å‘ç¯çš„çŠ¶æ€
                  //     {
                  //         flag_get_left_turn = 0;
              
                  // #if USE_MY_DEBUG
                  //         // printf(" flag_get_left_turn\n");
                  // #endif
              
                  //         send_data(SEND_LEFT_TURN, fun_info.left_turn); // å‘é€å½“å‰å·¦è½¬å‘ç¯çš„çŠ¶æ€
                  //     } // if (flag_get_left_turn) // å¦‚æœè¦è·å–å·¦è½¬å‘ç¯çš„çŠ¶æ€
              
                  //     if (flag_get_right_turn)
                  //     {
                  //         // å¦‚æœè¦è·å–å³è½¬å‘ç¯çš„çŠ¶æ€
                  //         flag_get_right_turn = 0;
                  // #if USE_MY_DEBUG
                  //         // printf(" flag_get_right_turn\n");
                  // #endif
                  //         send_data(SEND_RIGHT_TURN, fun_info.right_turn); // å‘é€å½“å‰å³è½¬å‘ç¯çš„çŠ¶æ€
                  //     }
              
                  //     if (flag_get_high_beam)
                  //     {
                  //         // å¦‚æœè¦è·å–è¿œå…‰ç¯çš„çŠ¶æ€
                  //         flag_get_high_beam = 0;
                  // #if USE_MY_DEBUG
                  //         // printf(" flag_get_high_beam\n");
                  // #endif
                  //         send_data(SEND_HIGH_BEAM, fun_info.high_beam); // å‘é€å½“å‰è¿œå…‰ç¯çš„çŠ¶æ€
                  //     }
              
                  if (flag_get_engine_speed)
                  {
                      // å¦‚æœè¦è·å–å‘åŠ¨æœºçš„è½¬é€Ÿ
                      flag_get_engine_speed = 0;
              #if USE_MY_DEBUG
                      // printf(" flag_get_engine_speed \n");
                      // printf(" cur engine speed %u rpm ", (u16)fun_info.engine_speeed);
              #endif
                      send_data(SEND_ENGINE_SPEED, fun_info.engine_speeed); //
C51 COMPILER V9.60.7.0   INSTRUCTION                                                       12/05/2025 17:29:00 PAGE 6   

                  }
              
                  if (flag_get_speed)
                  {
                      // å¦‚æœè¦è·å–æ—¶é€Ÿ ï¼ˆé€Ÿåº¦ï¼‰
                      flag_get_speed = 0;
              #if USE_MY_DEBUG
                      // printf(" flag_get_speed \n");
              #endif
              
                      send_data(SEND_SPEED, fun_info.speed); // å‘é€å½“å‰é‡‡é›†åˆ°çš„è½¦é€Ÿï¼ˆæ—¶é€Ÿï¼‰
                                                             // printf("cur speed %lu km/h\n", fun_info.speed);
              
                      // 1km/h == 0.621427mile/h
                      send_data(SEND_SPEED_WITH_MILE, (u32)fun_info.speed * 621 / 1000);
                  }
              
                  if (flag_get_fuel)
                  {
                      // å¦‚æœè¦è·å–æ²¹é‡
                      flag_get_fuel = 0;
              
              #if USE_MY_DEBUG
                      // printf(" flag_get_fuel \n");
              #endif
              
                      send_data(SEND_FUEL, fun_info.fuel);
                  }
              
                  // ä¸ç”¨å‘é€æ°´æ¸©ï¼Œæ”¹ä¸ºå‘é€æ°´æ¸©æŠ¥è­¦
                  //     if (flag_get_temp_of_water)
                  //     {
                  //         // å¦‚æœè¦è·å–æ°´æ¸©
                  //         flag_get_temp_of_water = 0;
                  // #if USE_MY_DEBUG
                  //         printf(" flag_get_temp_of_water \n");
                  // #endif
                  //         send_data(SEND_WATER_TEMP, fun_info.temp_of_water);
                  //     }
              
                  if (flag_update_malfunction_status) // æ›´æ–°æ•…éšœçš„çŠ¶æ€
                  {
                      flag_update_malfunction_status = 0;
                      send_data(SEND_MALFUNCTION_STATUS, fun_info.flag_is_detect_malfunction);
              
                      // æ²¡æœ‰å¼•è„šæ£€æµ‹ABSï¼Œé‚£ä¹ˆæ£€æµ‹åˆ°æ•…éšœä¹‹åï¼Œä¹Ÿå‘é€ABSçš„çŠ¶æ€
                      send_data(SEND_ABS_STATUS, fun_info.flag_is_detect_abs);
                  }
              
                  if (flag_get_total_mileage) // å¦‚æœè¦è·å–å¤§è®¡é‡Œç¨‹ / å¾—åˆ°äº†å¤§è®¡é‡Œç¨‹æ–°çš„æ•°æ®
                  {
                      flag_get_total_mileage = 0;
              #if USE_MY_DEBUG
                      // printf(" flag_get_total_mileage \n");
                      // printf(" cur total mileage %lu m \n", (u32)fun_info.save_info.total_mileage);
              #endif
              
                      // åªå‘é€åƒç±³åŠä»¥ä¸Šçš„æ•°æ®
                      send_data(SEND_TOTAL_MILEAGE, (fun_info.save_info.total_mileage / 1000));
                      send_data(SEND_TOTAL_MILEAGE_WITH_MILE, fun_info.save_info.total_mileage / 1610); // 1km == 0.6214
             -27mile
              
C51 COMPILER V9.60.7.0   INSTRUCTION                                                       12/05/2025 17:29:00 PAGE 7   

                  }  
              
                  if (flag_get_sub_total_mileage) // å¦‚æœè¦è·å–å°è®¡é‡Œç¨‹ / å¾—åˆ°äº†å°è®¡é‡Œç¨‹æ–°çš„æ•°æ®
                  {
              
                      flag_get_sub_total_mileage = 0;
                      // printf(" cur subtotal mileage %lu m \n", (u32)fun_info.save_info.subtotal_mileage);
              
                      // åªå‘é€ç™¾ç±³åŠä»¥ä¸Šçš„æ•°æ®
                      send_data(SEND_SUBTOTAL_MILEAGE, fun_info.save_info.subtotal_mileage / 100);
              
                      // 1km == 0.621427mileï¼Œ1km == 6.21427 * 0.1 mile
                      send_data(SEND_SUBTOTAL_MILEAGE_WITH_TENTH_OF_MILE, fun_info.save_info.subtotal_mileage / 161);
              
                  } 
              
                  if (flag_get_sub_total_mileage_2) // // å¦‚æœè¦è·å–å°è®¡é‡Œç¨‹2 / å¾—åˆ°äº†å°è®¡é‡Œç¨‹2æ–°çš„æ•°
             -æ®
                  {
                      flag_get_sub_total_mileage_2 = 0;
                      // åªå‘é€ç™¾ç±³åŠä»¥ä¸Šçš„æ•°æ®
                      send_data(SEND_SUBTOTAL_MILEAGE_2, fun_info.save_info.subtotal_mileage_2 / 100);
                      // 1km == 0.621427mileï¼Œ1km == 6.21427 * 0.1 mile
                      send_data(SEND_SUBTOTAL_MILEAGE_2_WITH_TENTH_OF_MILE, fun_info.save_info.subtotal_mileage_2 / 161)
             -;
                  }
              
              #if 0 // ä¿®æ”¹æ—¥æœŸ
                  if (flag_alter_date)
                  {
                      // å¦‚æœè¦ä¿®æ”¹æ—¥æœŸ
                      flag_alter_date = 0;
              #if USE_MY_DEBUG
                      printf(" flag_alter_date \n");
                      printf("year %u month %bu day %bu \n", fun_info.aip1302_saveinfo.year, fun_info.aip1302_saveinfo.m
             -onth, fun_info.aip1302_saveinfo.day);
              #endif
              
                      if (update_date_status == UPDATE_STATUS_NONE)
                      {
              #if USE_MY_DEBUG
              // printf("handle update_date \n");
              #endif
                          // å¦‚æœæ›´æ–°æ—¥æœŸçš„çŠ¶æ€å·²ç»å†·å´å®Œæ¯•ï¼Œæ›´æ–°æ—¥æœŸï¼Œå¹¶ä¸”è¿›å…¥å†·å´çŠ¶æ€ï¼Œ
                          // åˆ‡æ¢çŠ¶æ€ï¼Œè®©å®šæ—¶å™¨è¿›è¡Œå†·å´è®¡æ—¶
                          aip1302_update_date(fun_info.aip1302_saveinfo); // å°†æ—¥æœŸæ›´æ–°åˆ°æ—¶é’Ÿic
                          update_date_status = UPDATE_STATUS_HANDLING;
                      }
                  }
              #endif // ä¿®æ”¹æ—¥æœŸ
              
              #if IC_1302_ENABLE
                  if (flag_alter_time)
                  {
                      // å¦‚æœè¦ä¿®æ”¹æ—¶é—´
                      flag_alter_time = 0;
              
                      // printf("get update time cmd\n");
              
              #if USE_MY_DEBUG
                      // printf(" flag_alter_time \n");
                      // printf("==================================\n");
C51 COMPILER V9.60.7.0   INSTRUCTION                                                       12/05/2025 17:29:00 PAGE 8   

                      // printf("year %u \n", fun_info.aip1302_saveinfo.year);
                      // printf("month %bu \n", fun_info.aip1302_saveinfo.month);
                      // printf("day %bu \n", fun_info.aip1302_saveinfo.day);
                      // printf("hour %bu min %bu sec %bu \n", fun_info.aip1302_saveinfo.time_hour, fun_info.aip1302_sav
             -einfo.time_min, fun_info.aip1302_saveinfo.time_sec);
              #endif
              
                      if (update_time_status == UPDATE_STATUS_NONE)
                      {
                          // printf("handle update_time \n");
                          // å¦‚æœæ›´æ–°æ—¶é—´çš„çŠ¶æ€å·²ç»å†·å´å®Œæ¯•ï¼Œæ›´æ–°æ—¶é—´ï¼Œå¹¶ä¸”è¿›å…¥å†·å´çŠ¶æ€ï¼Œ
                          // åˆ‡æ¢çŠ¶æ€ï¼Œè®©å®šæ—¶å™¨è¿›è¡Œå†·å´è®¡æ—¶
                          aip1302_update_time(fun_info.aip1302_saveinfo); // å°†æ—¶é—´æ›´æ–°åˆ°æ—¶é’Ÿic
                          update_time_status = UPDATE_STATUS_HANDLING;
                          // printf("time updated\n");
                      }
                  }
              #endif // #if IC_1302_ENABLE
              
                  if (flag_get_voltage_of_battery)
                  {
                      // å¦‚æœè¦è·å–ç”µæ± ç”µå‹
                      flag_get_voltage_of_battery = 0;
              #if USE_MY_DEBUG
                      // printf(" flag_get_voltage_of_battery \n");
                      // printf(" cur voltage of battery %u \n", (u16)fun_info.voltage_of_battery);
              #endif
                      send_data(SEND_VOLTAGE_OF_BATTERY, fun_info.voltage_of_battery);
                  }
              
              #if TEMP_OF_WATER_SCAN_ENABLE
                  if (flag_set_temp_of_water_warning)
                  {
                      // å¦‚æœè¦è®¾ç½®æ°´æ¸©æŠ¥è­¦
                      flag_set_temp_of_water_warning = 0;
              #if USE_MY_DEBUG
                      // printf(" flag_set_temp_of_water_warning \n");
              #endif
                      //  å‘é€å½“å‰æ°´æ¸©æŠ¥è­¦çš„çŠ¶æ€
                      send_data(SEND_TEMP_OF_WATER_ALERT, fun_info.flag_is_in_water_temp_warning);
                  }
              #endif
              
                  if (flag_clear_total_mileage)
                  {
                      // å¦‚æœè¦æ¸…é™¤å¤§è®¡é‡Œç¨‹
                      flag_clear_total_mileage = 0;
                      fun_info.save_info.total_mileage = 0;
                      distance = 0;    //
                      fun_info_save(); // å°†ä¿¡æ¯å†™å›flash
              #if USE_MY_DEBUG
                      // printf(" flag_clear_total_mileage \n");
              #endif
                  }
              
                  if (flag_clear_sub_total_mileage)
                  {
                      // å¦‚æœè¦æ¸…é™¤å°è®¡é‡Œç¨‹
                      flag_clear_sub_total_mileage = 0;
                      fun_info.save_info.subtotal_mileage = 0;
                      distance = 0;
                      fun_info_save(); // å°†ä¿¡æ¯å†™å›flash
C51 COMPILER V9.60.7.0   INSTRUCTION                                                       12/05/2025 17:29:00 PAGE 9   

              #if USE_MY_DEBUG
                      // printf(" flag_clear_sub_total_mileage \n");
              #endif
                  }
              
                  if (flag_clear_sub_total_mileage_2) // å¦‚æœè¦æ¸…é™¤å°è®¡é‡Œç¨‹2
                  {
                      flag_clear_sub_total_mileage_2 = 0;
                      fun_info.save_info.subtotal_mileage_2 = 0;
                      distance = 0;
                      fun_info_save(); // å°†ä¿¡æ¯å†™å›flash
                  }
              #endif
 479   1      
 480   1          if (flag_get_all_status)
 481   1          {
 482   2              // å¦‚æœè¦è·å–æ‰€æœ‰åŠŸèƒ½çš„çŠ¶æ€
 483   2              // u32 temp_val = 0;        // ä¸´æ—¶å˜é‡(åœ¨å‘é€æ—¥æœŸå’Œæ—¶é—´ä½¿ç”¨åˆ°)
 484   2              flag_get_all_status = 0; // æ¸…é™¤æ ‡å¿—ä½
 485   2      
 486   2      #if USE_MY_DEBUG
                      // printf(" flag_get_all_status\n");
              #endif
 489   2      
 490   2              if (synchronous_request_status == SYN_REQUEST_STATUS_NONE)
 491   2              {
 492   3                  // printf("handle get_all_status\n");// æµ‹è¯•é€šè¿‡ï¼Œæ¯æ¬¡æ”¶åˆ°åŒæ­¥è¯·æ±‚ï¼Œéƒ½ä¼šç­‰å¾…
             -å†·å´åï¼Œæ‰å¤„ç†ä¸‹ä¸€æ¬¡åŒæ­¥è¯·æ±‚
 493   3                  synchronous_request_status = SYN_REQUEST_STATUS_HANDLING;
 494   3                  // è·å–æ‰€æœ‰åŠŸèƒ½çš„çŠ¶æ€ï¼Œéœ€è¦æŠŠè¿™äº›åŠŸèƒ½å¯¹åº”çš„çŠ¶æ€éƒ½å‘é€å‡ºå»
 495   3                  send_data_packet(SEND_GEAR);            // å‘é€å½“å‰æŒ¡ä½çš„çŠ¶æ€
 496   3                  send_data_packet(SEND_BATTERY);         // å‘é€ç”µæ± ç”µé‡
 497   3                  send_data_packet(SEND_ENGINE_SPEED);    // å‘é€å‘åŠ¨æœºè½¬é€Ÿ
 498   3                  send_data_packet(SEND_SPEED);           // å‘é€å½“å‰é‡‡é›†åˆ°çš„è½¦é€Ÿï¼ˆæ—¶é€Ÿï¼‰
 499   3                  send_data_packet(SEND_SPEED_WITH_MILE); // å‘é€æ—¶é€Ÿï¼ˆå•ä½ï¼šè‹±é‡Œæ¯å°æ—¶ mile/hï¼‰ 1
             -km/h == 0.621427mile/h
 500   3                  send_data_packet(SEND_FUEL);            // å‘é€å½“å‰æ²¹é‡(å•ä½ï¼šç™¾åˆ†æ¯”)
 501   3      
 502   3                  send_data_packet(SEND_TOTAL_MILEAGE_TENTH_OF_KM);      // å‘é€å¤§è®¡é‡Œç¨‹ï¼Œ æ•°æ® 3 byte 
             -ï¼Œ å•ä½ï¼š 0.1 km
 503   3                  // send_data_packet(SEND_SUBTOTAL_MILEAGE_TENTH_OF_MILE); // å‘é€å¤§è®¡é‡Œç¨‹ï¼Œ æ•°æ® 3 by
             -te ï¼Œ å•ä½ï¼š 0.1 mile
 504   3      
 505   3                  // send_data_packet(SEND_TOTAL_MILEAGE_WITH_MILE);             // å‘é€å¤§è®¡é‡Œç¨‹ï¼ˆæ€»é‡Œç
             -¨‹ï¼Œå•ä½ï¼šè‹±é‡Œ mileï¼‰ï¼Œåªå‘é€1è‹±é‡Œä»¥ä¸Šçš„æ•°æ®
 506   3                  // send_data_packet(SEND_SUBTOTAL_MILEAGE_WITH_TENTH_OF_MILE); // å‘é€å°è®¡é‡Œç¨‹ï¼ˆæ€»é‡Œç
             -¨‹ï¼Œå•ä½ï¼š0.1 è‹±é‡Œ 0.1 mileï¼‰ï¼Œåªå‘é€0.1è‹±é‡Œä»¥ä¸Šçš„æ•°æ®
 507   3      
 508   3      #if IC_1302_ENABLE
 509   3                  aip1302_read_all(); // å…ˆä»aip1302æ—¶é’Ÿicè·å–æ‰€æœ‰å…³äºæ—¶é—´çš„ä¿¡æ¯ï¼Œå†å‘é€
 510   3      
 511   3                  send_data_packet(SEND_TIME);
 512   3                  // printf("time send\n");
 513   3      #endif // #if IC_1302_ENABLE
 514   3      
 515   3                  // å‘é€å½“å‰çš„ç”µæ± ç”µå‹
 516   3                  send_data_packet(SEND_VOLTAGE_OF_BATTERY);
 517   3      
 518   3      #if TEMP_OF_WATER_SCAN_ENABLE
                          // å‘é€å½“å‰çš„æ°´æ¸©æŠ¥è­¦çŠ¶æ€
                          send_data_packet(SEND_TEMP_OF_WATER_ALERT);
              #endif
C51 COMPILER V9.60.7.0   INSTRUCTION                                                       12/05/2025 17:29:00 PAGE 10  

 522   3      
 523   3                  // send_data_packet(SEND_SUBTOTAL_MILEAGE_2);                    // å‘é€å°è®¡é‡Œç¨‹2(åªå‘
             -é€ç™¾ç±³åŠä»¥ä¸Šçš„æ•°æ®)
 524   3                  // send_data_packet(SEND_SUBTOTAL_MILEAGE_2_WITH_TENTH_OF_MILE); // å‘é€å°è®¡é‡Œç¨‹2(åªå‘
             -é€0.1è‹±é‡ŒåŠä»¥ä¸Šçš„æ•°æ®)
 525   3              }
 526   2          }
 527   1      
 528   1          if (flag_get_gear) // å¦‚æœè¦è·å–æŒ¡ä½çš„çŠ¶æ€
 529   1          {
 530   2              flag_get_gear = 0; //
 531   2      
 532   2      #if USE_MY_DEBUG
                      // printf(" flag_get_gear\n");
              #endif
 535   2      
 536   2              send_data_packet(SEND_GEAR); // å‘é€å½“å‰æŒ¡ä½çš„çŠ¶æ€
 537   2                                           // printf("cur gear %u\n", fun_info.gear);
 538   2          } //  if (flag_get_gear) // å¦‚æœè¦è·å–æŒ¡ä½çš„çŠ¶æ€
 539   1      
 540   1          if (flag_get_battery)
 541   1          {
 542   2              // å¦‚æœè¦è·å–ç”µæ± ç”µé‡çš„çŠ¶æ€
 543   2              flag_get_battery = 0;
 544   2      #if USE_MY_DEBUG
                      // printf(" flag_get_battery\n");
              #endif
 547   2      
 548   2              send_data_packet(SEND_BATTERY); // å‘é€ç”µæ± ç”µé‡
 549   2          }
 550   1      
 551   1          if (flag_get_engine_speed)
 552   1          {
 553   2              // å¦‚æœè¦è·å–å‘åŠ¨æœºçš„è½¬é€Ÿ
 554   2              flag_get_engine_speed = 0;
 555   2      #if USE_MY_DEBUG
                      // printf(" flag_get_engine_speed \n");
                      // printf(" cur engine speed %u rpm ", (u16)fun_info.engine_speeed);
              #endif
 559   2              send_data_packet(SEND_ENGINE_SPEED); //
 560   2          }
 561   1      
 562   1          if (flag_get_speed)
 563   1          {
 564   2              // å¦‚æœè¦è·å–æ—¶é€Ÿ ï¼ˆé€Ÿåº¦ï¼‰
 565   2              flag_get_speed = 0;
 566   2      #if USE_MY_DEBUG
                      // printf(" flag_get_speed \n");
              #endif
 569   2      
 570   2              send_data_packet(SEND_SPEED); // å‘é€å½“å‰é‡‡é›†åˆ°çš„è½¦é€Ÿï¼ˆæ—¶é€Ÿï¼‰
 571   2                                            // printf("cur speed %lu km/h\n", fun_info.speed);
 572   2      
 573   2              // 1km/h == 0.621427mile/h
 574   2              send_data_packet(SEND_SPEED_WITH_MILE);
 575   2          }
 576   1      
 577   1          if (flag_get_fuel)
 578   1          {
 579   2              // å¦‚æœè¦è·å–æ²¹é‡
 580   2              flag_get_fuel = 0;
 581   2      
C51 COMPILER V9.60.7.0   INSTRUCTION                                                       12/05/2025 17:29:00 PAGE 11  

 582   2      #if USE_MY_DEBUG
                      // printf(" flag_get_fuel \n");
              #endif
 585   2      
 586   2              send_data_packet(SEND_FUEL);
 587   2          }
 588   1      
 589   1          if (flag_update_malfunction_status) // æ›´æ–°æ•…éšœçš„çŠ¶æ€
 590   1          {
 591   2              flag_update_malfunction_status = 0;
 592   2              send_data_packet(SEND_MALFUNCTION_STATUS);
 593   2      
 594   2              // æ²¡æœ‰å¼•è„šæ£€æµ‹ABSï¼Œé‚£ä¹ˆæ£€æµ‹åˆ°æ•…éšœä¹‹åï¼Œä¹Ÿå‘é€ABSçš„çŠ¶æ€
 595   2              send_data_packet(SEND_ABS_STATUS);
 596   2          }
 597   1      
 598   1          if (flag_get_total_mileage) // å¦‚æœè¦è·å–å¤§è®¡é‡Œç¨‹ / å¾—åˆ°äº†å¤§è®¡é‡Œç¨‹æ–°çš„æ•°æ®
 599   1          {
 600   2              flag_get_total_mileage = 0;
 601   2      #if USE_MY_DEBUG
                      // printf(" flag_get_total_mileage \n");
                      // printf(" cur total mileage %lu m \n", (u32)fun_info.save_info.total_mileage);
              #endif
 605   2      
 606   2              // åªå‘é€åƒç±³åŠä»¥ä¸Šçš„æ•°æ®
 607   2              // send_data_packet(SEND_TOTAL_MILEAGE_TENTH_OF_KM);
 608   2              // send_data_packet(SEND_TOTAL_MILEAGE_WITH_MILE); // 1km == 0.621427mile
 609   2          }
 610   1      
 611   1          if (flag_get_sub_total_mileage) // å¦‚æœè¦è·å–å°è®¡é‡Œç¨‹ / å¾—åˆ°äº†å°è®¡é‡Œç¨‹æ–°çš„æ•°æ®
 612   1          {
 613   2      
 614   2              flag_get_sub_total_mileage = 0;
 615   2              // printf(" cur subtotal mileage %lu m \n", (u32)fun_info.save_info.subtotal_mileage);
 616   2      
 617   2              // åªå‘é€ç™¾ç±³åŠä»¥ä¸Šçš„æ•°æ®
 618   2              send_data_packet(SEND_TOTAL_MILEAGE_TENTH_OF_KM);
 619   2      
 620   2              // 1km == 0.621427mileï¼Œ1km == 6.21427 * 0.1 mile
 621   2              // send_data_packet(SEND_SUBTOTAL_MILEAGE_WITH_TENTH_OF_MILE);
 622   2          }
 623   1      
 624   1          if (flag_get_sub_total_mileage_2) // // å¦‚æœè¦è·å–å°è®¡é‡Œç¨‹2 / å¾—åˆ°äº†å°è®¡é‡Œç¨‹2æ–°çš„æ•°
             -æ®
 625   1          {
 626   2              flag_get_sub_total_mileage_2 = 0;
 627   2              // åªå‘é€ç™¾ç±³åŠä»¥ä¸Šçš„æ•°æ®
 628   2              // send_data_packet(SEND_SUBTOTAL_MILEAGE_2);
 629   2              // 1km == 0.621427mileï¼Œ1km == 6.21427 * 0.1 mile
 630   2              // send_data_packet(SEND_SUBTOTAL_MILEAGE_2_WITH_TENTH_OF_MILE);
 631   2          }
 632   1      
 633   1      #if IC_1302_ENABLE
 634   1          if (flag_alter_time)
 635   1          {
 636   2              // å¦‚æœè¦ä¿®æ”¹æ—¶é—´
 637   2              flag_alter_time = 0;
 638   2      
 639   2              // printf("get update time cmd\n");
 640   2      
 641   2      #if USE_MY_DEBUG
                      // printf(" flag_alter_time \n");
C51 COMPILER V9.60.7.0   INSTRUCTION                                                       12/05/2025 17:29:00 PAGE 12  

                      // printf("==================================\n");
                      // printf("year %u \n", fun_info.aip1302_saveinfo.year);
                      // printf("month %bu \n", fun_info.aip1302_saveinfo.month);
                      // printf("day %bu \n", fun_info.aip1302_saveinfo.day);
                      // printf("hour %bu min %bu sec %bu \n", fun_info.aip1302_saveinfo.time_hour, fun_info.aip1302_sav
             -einfo.time_min, fun_info.aip1302_saveinfo.time_sec);
              #endif
 649   2      
 650   2              if (update_time_status == UPDATE_STATUS_NONE)
 651   2              {
 652   3                  // printf("handle update_time \n");
 653   3                  // å¦‚æœæ›´æ–°æ—¶é—´çš„çŠ¶æ€å·²ç»å†·å´å®Œæ¯•ï¼Œæ›´æ–°æ—¶é—´ï¼Œå¹¶ä¸”è¿›å…¥å†·å´çŠ¶æ€ï¼Œ
 654   3                  // åˆ‡æ¢çŠ¶æ€ï¼Œè®©å®šæ—¶å™¨è¿›è¡Œå†·å´è®¡æ—¶
 655   3                  aip1302_update_time(fun_info.aip1302_saveinfo); // å°†æ—¶é—´æ›´æ–°åˆ°æ—¶é’Ÿic
 656   3                  update_time_status = UPDATE_STATUS_HANDLING;
 657   3                  // printf("time updated\n");
 658   3              }
 659   2          }
 660   1      #endif // #if IC_1302_ENABLE
 661   1      
 662   1          if (flag_get_voltage_of_battery)
 663   1          {
 664   2              // å¦‚æœè¦è·å–ç”µæ± ç”µå‹
 665   2              flag_get_voltage_of_battery = 0;
 666   2      #if USE_MY_DEBUG
                      // printf(" flag_get_voltage_of_battery \n");
                      // printf(" cur voltage of battery %u \n", (u16)fun_info.voltage_of_battery);
              #endif
 670   2              send_data_packet(SEND_VOLTAGE_OF_BATTERY);
 671   2          }
 672   1      
 673   1          if (flag_clear_total_mileage)
 674   1          {
 675   2              // å¦‚æœè¦æ¸…é™¤å¤§è®¡é‡Œç¨‹
 676   2              flag_clear_total_mileage = 0;
 677   2              fun_info.save_info.total_mileage = 0;
 678   2              distance = 0;    //
 679   2              fun_info_save(); // å°†ä¿¡æ¯å†™å›flash
 680   2      #if USE_MY_DEBUG
                      // printf(" flag_clear_total_mileage \n");
              #endif
 683   2          }
 684   1      
 685   1          if (flag_clear_sub_total_mileage)
 686   1          {
 687   2              // å¦‚æœè¦æ¸…é™¤å°è®¡é‡Œç¨‹
 688   2              flag_clear_sub_total_mileage = 0;
 689   2              fun_info.save_info.subtotal_mileage = 0;
 690   2              distance = 0;
 691   2              fun_info_save(); // å°†ä¿¡æ¯å†™å›flash
 692   2      #if USE_MY_DEBUG
                      // printf(" flag_clear_sub_total_mileage \n");
              #endif
 695   2          }
 696   1      
 697   1          if (flag_clear_sub_total_mileage_2) // å¦‚æœè¦æ¸…é™¤å°è®¡é‡Œç¨‹2
 698   1          {
 699   2              flag_clear_sub_total_mileage_2 = 0;
 700   2              fun_info.save_info.subtotal_mileage_2 = 0;
 701   2              distance = 0;
 702   2              fun_info_save(); // å°†ä¿¡æ¯å†™å›flash
 703   2          }
C51 COMPILER V9.60.7.0   INSTRUCTION                                                       12/05/2025 17:29:00 PAGE 13  

 704   1      }


MODULE INFORMATION:   STATIC OVERLAYABLE
   CODE SIZE        =    651    ----
   CONSTANT SIZE    =   ----    ----
   XDATA SIZE       =      6       1
   PDATA SIZE       =   ----    ----
   DATA SIZE        =   ----    ----
   IDATA SIZE       =   ----    ----
   BIT SIZE         =     16    ----
END OF MODULE INFORMATION.


C51 COMPILATION COMPLETE.  0 WARNING(S),  0 ERROR(S)
